
2022-11-23T02:41:38.722Z [31merror[39m: [31mInvalid URL[39m
2022-11-23T02:42:07.020Z [31merror[39m: [31mconnect ECONNREFUSED ::1:3000[39m
2022-11-23T02:42:33.581Z [31merror[39m: [31mconnect ECONNREFUSED ::1:3000[39m
2022-11-23T02:44:11.935Z [31merror[39m: [31mInvalid URL[39m
2022-11-23T02:44:18.486Z [31merror[39m: [31mInvalid URL[39m
2022-11-23T03:43:36.275Z [31merror[39m: [31mDELETE /api/products/637d9492a0bd8ae9a2420dab 200[39m
2022-11-28T21:01:02.397Z [31merror[39m: [31mDELETE /api/products/637d94a2790601a42a221637 200[39m
2022-12-01T14:24:32.621Z [31merror[39m: [31mGET /api/cart/6362bc06fb44626d1825ceff/products 200[39m
2022-12-01T22:40:07.225Z [31merror[39m: [31mGET /user 200[39m
2022-12-01T22:41:10.046Z [31merror[39m: [31mGET /user 200[39m
2022-12-01T22:41:10.718Z [31merror[39m: [31mGET /user 200[39m
2022-12-01T22:41:26.323Z [31merror[39m: [31mGET /user 200[39m
2022-12-01T22:41:27.471Z [31merror[39m: [31mGET /user 200[39m
2022-12-01T22:44:28.620Z [31merror[39m: [31mGET /user 200[39m
2022-12-01T22:44:29.333Z [31merror[39m: [31mGET /user 200[39m
2022-12-01T22:44:52.717Z [31merror[39m: [31mGET /user 200[39m
2022-12-01T22:44:53.471Z [31merror[39m: [31mGET /user 200[39m
2022-12-02T16:49:14.583Z [31merror[39m: [31mPOST /api/order 200[39m
2022-12-03T18:07:02.916Z [31merror[39m: [31mGET /api/order/638b8e98f1137cba0c4d2e09 200[39m
2022-12-04T16:21:18.174Z [31merror[39m: [31mDELETE /api/products/63896ad4845cf5973fdde12d 200[39m
