
2022-11-12T18:07:37.581Z [33mwarn[39m: [33mPOST /api/products 200[39m
2022-11-12T18:29:09.974Z [33mwarn[39m: [33mPOST /api/products 200[39m
2022-11-16T12:16:14.718Z [33mwarn[39m: [33mPOST /register 200[39m
2022-11-16T12:16:57.828Z [33mwarn[39m: [33mPOST /register 200[39m
2022-11-16T12:18:15.072Z [33mwarn[39m: [33mPOST /register 200[39m
2022-11-16T12:19:23.978Z [33mwarn[39m: [33mPOST /register 200[39m
2022-11-16T12:19:48.900Z [33mwarn[39m: [33mPOST /register 200[39m
2022-11-16T12:20:03.927Z [33mwarn[39m: [33mPOST /register 200[39m
2022-11-16T12:23:24.707Z [33mwarn[39m: [33mPOST /register 200[39m
2022-11-16T12:24:24.405Z [33mwarn[39m: [33mPOST /register 200[39m
2022-11-16T12:27:43.798Z [33mwarn[39m: [33mPOST /register 200[39m
2022-11-16T12:28:11.640Z [33mwarn[39m: [33mPOST /register 200[39m
2022-11-16T12:29:40.720Z [33mwarn[39m: [33mPOST /register 200[39m
2022-11-16T13:23:36.344Z [33mwarn[39m: [33mPOST /api/cart/63682b9f488fdec5138f3224/products/6362ecbcb15ecd7d1bd4c70c_delete 200[39m
2022-11-17T13:21:51.786Z [33mwarn[39m: [33mPOST /api/cart/63682b9f488fdec5138f3224/products/6362ecb5b15ecd7d1bd4c70a 200[39m
2022-11-23T02:41:38.722Z [31merror[39m: [31mInvalid URL[39m
2022-11-23T02:42:07.020Z [31merror[39m: [31mconnect ECONNREFUSED ::1:3000[39m
2022-11-23T02:42:33.581Z [31merror[39m: [31mconnect ECONNREFUSED ::1:3000[39m
2022-11-23T02:44:11.935Z [31merror[39m: [31mInvalid URL[39m
2022-11-23T02:44:18.486Z [31merror[39m: [31mInvalid URL[39m
2022-11-23T03:43:36.275Z [31merror[39m: [31mDELETE /api/products/637d9492a0bd8ae9a2420dab 200[39m
2022-11-23T03:43:36.279Z [33mwarn[39m: [33mDELETE /api/products/637d9492a0bd8ae9a2420dab 200[39m
2022-11-28T21:01:02.397Z [31merror[39m: [31mDELETE /api/products/637d94a2790601a42a221637 200[39m
2022-11-28T21:01:02.401Z [33mwarn[39m: [33mDELETE /api/products/637d94a2790601a42a221637 200[39m
2022-12-01T14:10:23.578Z [33mwarn[39m: [33mPOST /register 200[39m
2022-12-01T14:13:04.888Z [33mwarn[39m: [33mPOST /api/products 200[39m
2022-12-01T14:13:57.758Z [33mwarn[39m: [33mPOST /api/products 200[39m
2022-12-01T14:15:01.919Z [33mwarn[39m: [33mPOST /api/products 200[39m
2022-12-01T14:24:32.621Z [31merror[39m: [31mGET /api/cart/6362bc06fb44626d1825ceff/products 200[39m
2022-12-01T14:25:24.012Z [33mwarn[39m: [33mPOST /api/products 200[39m
2022-12-01T14:33:13.992Z [33mwarn[39m: [33mPOST /register 200[39m
2022-12-01T14:33:34.601Z [33mwarn[39m: [33mPOST /register 200[39m
2022-12-01T14:33:43.636Z [33mwarn[39m: [33mPOST /register 200[39m
2022-12-01T14:34:13.622Z [33mwarn[39m: [33mPOST /register 200[39m
2022-12-01T14:41:59.342Z [33mwarn[39m: [33mGET /api/products/Remeras 200[39m
2022-12-01T14:44:21.425Z [33mwarn[39m: [33mGET /api/products/Remeras 200[39m
2022-12-01T14:44:42.821Z [33mwarn[39m: [33mGET /api/products/Remeras 200[39m
2022-12-01T14:45:13.941Z [33mwarn[39m: [33mGET /api/products/Remeras 200[39m
2022-12-01T14:46:39.053Z [33mwarn[39m: [33mGET /api/products/Remeras 200[39m
2022-12-01T14:47:43.831Z [33mwarn[39m: [33mGET /api/products/Remeras 200[39m
2022-12-01T14:48:12.062Z [33mwarn[39m: [33mGET /api/products/Remeras 200[39m
2022-12-01T14:49:52.827Z [33mwarn[39m: [33mGET /api/products/Remeras 200[39m
2022-12-01T14:50:24.939Z [33mwarn[39m: [33mGET /api/products/Remeras 200[39m
2022-12-01T14:50:28.963Z [33mwarn[39m: [33mGET /api/products/remeras 200[39m
2022-12-01T14:51:24.122Z [33mwarn[39m: [33mGET /api/products/Remeras 200[39m
2022-12-01T14:54:45.015Z [33mwarn[39m: [33mGET /api/products/Remeras 200[39m
2022-12-01T14:54:54.382Z [33mwarn[39m: [33mGET /api/products/Remeras 200[39m
2022-12-01T14:55:10.121Z [33mwarn[39m: [33mGET /api/products/Remeras 200[39m
2022-12-01T14:55:15.908Z [33mwarn[39m: [33mGET /api/products/remeras 200[39m
2022-12-01T14:55:22.404Z [33mwarn[39m: [33mGET /api/products/Remeras 200[39m
2022-12-01T14:55:57.323Z [33mwarn[39m: [33mGET /api/products/Remeras 200[39m
2022-12-01T14:57:07.371Z [33mwarn[39m: [33mGET /api/products/Remeras 200[39m
2022-12-01T14:57:48.184Z [33mwarn[39m: [33mGET /api/products/Remeras 200[39m
2022-12-01T14:59:02.972Z [33mwarn[39m: [33mGET /api/products/Remeras 200[39m
2022-12-01T15:01:19.951Z [33mwarn[39m: [33mGET /api/products/Remeras 200[39m
2022-12-01T15:01:21.460Z [33mwarn[39m: [33mGET /api/products/Remeras 200[39m
2022-12-01T15:01:22.085Z [33mwarn[39m: [33mGET /api/products/Remeras 200[39m
2022-12-01T15:01:24.994Z [33mwarn[39m: [33mGET /api/products/Remeras 200[39m
2022-12-01T15:02:19.874Z [33mwarn[39m: [33mGET /api/products/Remeras 200[39m
2022-12-01T15:02:25.780Z [33mwarn[39m: [33mGET /api/products/Remeras 200[39m
2022-12-01T15:03:18.371Z [33mwarn[39m: [33mGET /api/products/Remeras 200[39m
2022-12-01T15:03:41.992Z [33mwarn[39m: [33mGET /api/products/asda 200[39m
2022-12-01T15:05:20.691Z [33mwarn[39m: [33mGET /api/products/category/Remeras 200[39m
2022-12-01T15:07:07.175Z [33mwarn[39m: [33mGET /api/products/Remeras 200[39m
2022-12-01T15:07:08.032Z [33mwarn[39m: [33mGET /api/products/Remeras 200[39m
2022-12-01T15:10:08.257Z [33mwarn[39m: [33mGET /api/products/category/remeras 200[39m
2022-12-01T15:20:42.823Z [33mwarn[39m: [33mGET /api/products/category/Remeras 200[39m
2022-12-01T16:33:17.115Z [33mwarn[39m: [33mGET /api/products/category/Pantalones 200[39m
2022-12-01T16:33:19.443Z [33mwarn[39m: [33mGET /api/products/category/Pantalones 200[39m
2022-12-01T18:21:18.926Z [33mwarn[39m: [33mGET /api/products/6388b9a60375eecfa3bc0395 200[39m
2022-12-01T18:21:37.989Z [33mwarn[39m: [33mGET /api/products/6388b9a60375eecfa3bc0395 200[39m
2022-12-01T18:22:03.223Z [33mwarn[39m: [33mGET /api/products/6388bc16e46fde1d98767d6b 200[39m
2022-12-01T18:27:05.266Z [33mwarn[39m: [33mGET /api/products/6388bc16e46fde1d98767d6b 200[39m
2022-12-01T18:27:06.161Z [33mwarn[39m: [33mGET /api/products/6388bc16e46fde1d98767d6b 200[39m
2022-12-01T18:27:26.450Z [33mwarn[39m: [33mGET /api/products/6388bc01e46fde1d98767d68 200[39m
2022-12-01T22:15:28.570Z [33mwarn[39m: [33mGET /api/products/category/Pantalones 200[39m
2022-12-01T22:15:33.124Z [33mwarn[39m: [33mGET /api/products/category/Pantalones 200[39m
2022-12-01T22:25:00.281Z [33mwarn[39m: [33mGET /api/cart/6388bb97e46fde1d98767d38/products 200[39m
2022-12-01T22:27:53.673Z [33mwarn[39m: [33mGET /api/products/6388bc16e46fde1d98767d6b 200[39m
2022-12-01T22:29:18.016Z [33mwarn[39m: [33mGET /api/products/6388bc16e46fde1d98767d6b 200[39m
2022-12-01T22:29:42.728Z [33mwarn[39m: [33mGET /api/products/6388bc16e46fde1d98767d6b 200[39m
2022-12-01T22:29:50.218Z [33mwarn[39m: [33mGET /api/products/6388bc16e46fde1d98767d6b 200[39m
2022-12-01T22:29:52.135Z [33mwarn[39m: [33mGET /api/products/6388bc16e46fde1d98767d6b 200[39m
2022-12-01T22:29:59.462Z [33mwarn[39m: [33mGET /api/products/6388bc16e46fde1d98767d6b 200[39m
2022-12-01T22:34:00.888Z [33mwarn[39m: [33mGET /api/products/category/6388d76a10458f683c09a723 200[39m
2022-12-01T22:38:30.365Z [33mwarn[39m: [33mGET /api/cart/6388bb97e46fde1d98767d38/products 200[39m
2022-12-01T22:40:07.225Z [31merror[39m: [31mGET /user 200[39m
2022-12-01T22:41:10.046Z [31merror[39m: [31mGET /user 200[39m
2022-12-01T22:41:10.718Z [31merror[39m: [31mGET /user 200[39m
2022-12-01T22:41:26.323Z [31merror[39m: [31mGET /user 200[39m
2022-12-01T22:41:27.471Z [31merror[39m: [31mGET /user 200[39m
2022-12-01T22:44:28.620Z [31merror[39m: [31mGET /user 200[39m
2022-12-01T22:44:29.333Z [31merror[39m: [31mGET /user 200[39m
2022-12-01T22:44:52.717Z [31merror[39m: [31mGET /user 200[39m
2022-12-01T22:44:53.471Z [31merror[39m: [31mGET /user 200[39m
2022-12-02T13:26:50.370Z [33mwarn[39m: [33mPOST /api/cart/63896af0845cf5973fdde131/products/63896aaeb770520f3ee46205 200[39m
2022-12-02T13:36:03.634Z [33mwarn[39m: [33mPOST /api/cart/63896af0845cf5973fdde131/products/63896aaeb770520f3ee46205 200[39m
2022-12-02T13:47:40.341Z [33mwarn[39m: [33mPOST /api/cart/63896af0845cf5973fdde131/products/63896aaeb770520f3ee46205 200[39m
2022-12-02T13:50:42.981Z [33mwarn[39m: [33mPOST /api/cart/63896af0845cf5973fdde131/products/63896aaeb770520f3ee46205 200[39m
2022-12-02T13:51:17.700Z [33mwarn[39m: [33mPOST /api/cart/63896af0845cf5973fdde131/products/63896aaeb770520f3ee46205 200[39m
2022-12-02T14:14:45.334Z [33mwarn[39m: [33mPOST /api/cart/63896af0845cf5973fdde131/products/63896aaeb770520f3ee46205 200[39m
2022-12-02T14:17:23.190Z [33mwarn[39m: [33mPOST /api/cart/63896af0845cf5973fdde131/products/63896aaeb770520f3ee46205 200[39m
2022-12-02T16:49:14.583Z [31merror[39m: [31mPOST /api/order 200[39m
2022-12-02T16:50:43.287Z [33mwarn[39m: [33mPOST /api/order 200[39m
2022-12-02T16:51:12.420Z [33mwarn[39m: [33mPOST /api/order 200[39m
2022-12-02T16:53:13.406Z [33mwarn[39m: [33mPOST /api/order 200[39m
2022-12-02T16:53:32.158Z [33mwarn[39m: [33mPOST /api/order 200[39m
2022-12-02T16:53:52.172Z [33mwarn[39m: [33mPOST /api/order 200[39m
2022-12-03T17:32:21.068Z [33mwarn[39m: [33mGET /api/order 200[39m
2022-12-03T17:55:08.707Z [33mwarn[39m: [33mPOST /api/order 200[39m
2022-12-03T17:55:34.875Z [33mwarn[39m: [33mPOST /api/order 200[39m
2022-12-03T17:56:50.941Z [33mwarn[39m: [33mPOST /api/order 200[39m
2022-12-03T18:07:02.916Z [31merror[39m: [31mGET /api/order/638b8e98f1137cba0c4d2e09 200[39m
2022-12-03T18:41:51.676Z [33mwarn[39m: [33mPOST /api/order 200[39m
2022-12-03T18:45:56.020Z [33mwarn[39m: [33mGET /api/order 200[39m
2022-12-04T16:21:18.174Z [31merror[39m: [31mDELETE /api/products/63896ad4845cf5973fdde12d 200[39m
2022-12-04T16:21:18.182Z [33mwarn[39m: [33mDELETE /api/products/63896ad4845cf5973fdde12d 200[39m
2022-12-04T16:24:20.259Z [33mwarn[39m: [33mPOST /api/cart/638a160d129ceca65ec74ab2/delete 200[39m
